<?xml version="1.0" encoding="UTF-8"?>
<!-- Generated by org.testng.reporters.JUnitReportReporter -->
<testsuite hostname="SARVESH" failures="0" tests="1" name="TestCases.Logintest" time="7.394" errors="0" timestamp="2024-02-14T23:55:24 IST" skipped="0">
  <testcase classname="TestCases.Logintest" name="lgn" time="7.394"/>
</testsuite> <!-- TestCases.Logintest -->
