<?xml version="1.0" encoding="UTF-8"?>
<!-- Generated by org.testng.reporters.JUnitReportReporter -->
<testsuite hostname="SARVESH" failures="0" tests="1" name="TestCases.Bottomlinktest" time="79.031" errors="0" timestamp="2024-02-14T10:45:55 IST" skipped="0">
  <testcase classname="TestCases.Bottomlinktest" name="bottomlnk" time="79.031"/>
</testsuite> <!-- TestCases.Bottomlinktest -->
