<?xml version="1.0" encoding="UTF-8"?>
<!-- Generated by org.testng.reporters.JUnitReportReporter -->
<testsuite hostname="SARVESH" failures="0" tests="1" name="TestCases.Shoppingcarttest" time="44.826" errors="0" timestamp="2024-02-14T10:45:55 IST" skipped="0">
  <testcase classname="TestCases.Shoppingcarttest" name="Shoppingcart" time="44.826"/>
</testsuite> <!-- TestCases.Shoppingcarttest -->
