<?xml version="1.0" encoding="UTF-8"?>
<!-- Generated by org.testng.reporters.JUnitReportReporter -->
<testsuite hostname="SARVESH" failures="0" tests="1" name="TestCases.Signintest" time="14.900" errors="0" timestamp="2024-02-14T23:34:05 IST" skipped="0">
  <testcase classname="TestCases.Signintest" name="Sign" time="14.900"/>
</testsuite> <!-- TestCases.Signintest -->
